<?xml version="1.0" encoding="UTF-8"?>
<!-- Generated by org.testng.reporters.JUnitReportReporter -->
<testsuite hostname="SAPpc" failures="0" tests="1" name="testCases.AmazonSearchProduct" time="25.546" errors="0" timestamp="2024-01-30T16:22:17 IST" skipped="0">
  <testcase classname="testCases.AmazonSearchProduct" name="amazonTestProduct" time="25.546"/>
</testsuite> <!-- testCases.AmazonSearchProduct -->
