<?xml version="1.0" encoding="UTF-8"?>
<!-- Generated by org.testng.reporters.JUnitReportReporter -->
<testsuite hostname="SAPpc" failures="0" tests="1" name="testCases.FlipkartSearchProduct" time="16.748" errors="0" timestamp="2024-01-30T16:42:44 IST" skipped="0">
  <testcase classname="testCases.FlipkartSearchProduct" name="flipkartTestProduct" time="16.748"/>
</testsuite> <!-- testCases.FlipkartSearchProduct -->
