<?xml version="1.0" encoding="UTF-8"?>
<!-- Generated by org.testng.reporters.JUnitReportReporter -->
<testsuite hostname="SAPpc" failures="0" tests="1" name="testCases.AssignTestcase1" time="28.949" errors="0" timestamp="2024-02-01T15:22:32 IST" skipped="0">
  <testcase classname="testCases.AssignTestcase1" name="testProductPrice" time="28.949"/>
</testsuite> <!-- testCases.AssignTestcase1 -->
